<?xml version="1.0" encoding="UTF-8"?>
<!-- Generated by org.testng.reporters.JUnitXMLReporter -->
<testsuite ignored="0" hostname="LTIN343480" failures="0" tests="11" name="Test" time="167.108" errors="0" timestamp="2024-02-16T16:14:21 IST">
  <testcase classname="testCase.TC_001_SearchingCardiologiests" name="SearchingCardiologiests" time="6.409"/>
  <testcase classname="testCase.TC_001_SearchingCardiologiests" name="gettingCardiologiests" time="19.399"/>
  <testcase classname="testCase.TC_002_CaptureSurgeries" name="CapturePopularSurgeries" time="5.331"/>
  <testcase classname="testCase.TC_002_CaptureSurgeries" name="GeneralSurgeries" time="3.464"/>
  <testcase classname="testCase.TC_002_CaptureSurgeries" name="ProctologySurgeries" time="2.746"/>
  <testcase classname="testCase.TC_002_CaptureSurgeries" name="OphthamologySurgeries" time="2.297"/>
  <testcase classname="testCase.TC_002_CaptureSurgeries" name="UrologySurgeries" time="3.28"/>
  <testcase classname="testCase.TC_002_CaptureSurgeries" name="CosmeticSurgeries" time="2.431"/>
  <testcase classname="testCase.TC_002_CaptureSurgeries" name="OrthopedicsSurgeries" time="2.418"/>
  <testcase classname="testCase.TC_003_CorporateHealthAndWellness_InvalidDetails" name="checkingInvalidDetails" time="10.374"/>
  <testcase classname="testCase.TC_004_CorporateHealthAndWellness_ValidDetails" name="checkingValidDetails" time="41.14"/>
</testsuite> <!-- Test -->
