<?xml version="1.0" encoding="UTF-8"?>
<testng-results ignored="0" total="11" passed="11" failed="0" skipped="0">
  <reporter-output>
  </reporter-output>
  <suite started-at="2024-02-16T16:11:32 IST" name="Suite" finished-at="2024-02-16T16:14:19 IST" duration-ms="167108">
    <groups>
      <group name="sanity">
        <method signature="TC_001_SearchingCardiologiests.SearchingCardiologiests()[pri:1, instance:testCase.TC_001_SearchingCardiologiests@350aac89]" name="SearchingCardiologiests" class="testCase.TC_001_SearchingCardiologiests"/>
        <method signature="TC_001_SearchingCardiologiests.gettingCardiologiests()[pri:0, instance:testCase.TC_001_SearchingCardiologiests@350aac89]" name="gettingCardiologiests" class="testCase.TC_001_SearchingCardiologiests"/>
        <method signature="TC_002_CaptureSurgeries.CapturePopularSurgeries()[pri:3, instance:testCase.TC_002_CaptureSurgeries@4b29d1d2]" name="CapturePopularSurgeries" class="testCase.TC_002_CaptureSurgeries"/>
        <method signature="TC_002_CaptureSurgeries.GeneralSurgeries()[pri:4, instance:testCase.TC_002_CaptureSurgeries@4b29d1d2]" name="GeneralSurgeries" class="testCase.TC_002_CaptureSurgeries"/>
        <method signature="TC_002_CaptureSurgeries.ProctologySurgeries()[pri:5, instance:testCase.TC_002_CaptureSurgeries@4b29d1d2]" name="ProctologySurgeries" class="testCase.TC_002_CaptureSurgeries"/>
        <method signature="TC_002_CaptureSurgeries.OphthamologySurgeries()[pri:6, instance:testCase.TC_002_CaptureSurgeries@4b29d1d2]" name="OphthamologySurgeries" class="testCase.TC_002_CaptureSurgeries"/>
        <method signature="TC_002_CaptureSurgeries.UrologySurgeries()[pri:7, instance:testCase.TC_002_CaptureSurgeries@4b29d1d2]" name="UrologySurgeries" class="testCase.TC_002_CaptureSurgeries"/>
        <method signature="TC_002_CaptureSurgeries.CosmeticSurgeries()[pri:8, instance:testCase.TC_002_CaptureSurgeries@4b29d1d2]" name="CosmeticSurgeries" class="testCase.TC_002_CaptureSurgeries"/>
        <method signature="TC_002_CaptureSurgeries.OrthopedicsSurgeries()[pri:9, instance:testCase.TC_002_CaptureSurgeries@4b29d1d2]" name="OrthopedicsSurgeries" class="testCase.TC_002_CaptureSurgeries"/>
        <method signature="TC_003_CorporateHealthAndWellness_InvalidDetails.checkingInvalidDetails()[pri:10, instance:testCase.TC_003_CorporateHealthAndWellness_InvalidDetails@7f485fda]" name="checkingInvalidDetails" class="testCase.TC_003_CorporateHealthAndWellness_InvalidDetails"/>
        <method signature="TC_004_CorporateHealthAndWellness_ValidDetails.checkingValidDetails()[pri:11, instance:testCase.TC_004_CorporateHealthAndWellness_ValidDetails@28261e8e]" name="checkingValidDetails" class="testCase.TC_004_CorporateHealthAndWellness_ValidDetails"/>
      </group> <!-- sanity -->
    </groups>
    <test started-at="2024-02-16T16:11:32 IST" name="Test" finished-at="2024-02-16T16:14:19 IST" duration-ms="167108">
      <class name="testCase.TC_001_SearchingCardiologiests">
        <test-method is-config="true" signature="setup(java.lang.String,java.lang.String)[pri:0, instance:testCase.TC_001_SearchingCardiologiests@350aac89]" started-at="2024-02-16T16:11:33 IST" name="setup" finished-at="2024-02-16T16:11:46 IST" duration-ms="13601" status="PASS">
          <params>
            <param index="0">
              <value>
                <![CDATA[Windows]]>
              </value>
            </param>
            <param index="1">
              <value>
                <![CDATA[edge]]>
              </value>
            </param>
          </params>
          <reporter-output>
          </reporter-output>
        </test-method> <!-- setup -->
        <test-method signature="SearchingCardiologiests()[pri:1, instance:testCase.TC_001_SearchingCardiologiests@350aac89]" started-at="2024-02-16T16:11:46 IST" name="SearchingCardiologiests" finished-at="2024-02-16T16:11:53 IST" duration-ms="6409" status="PASS">
          <reporter-output>
          </reporter-output>
        </test-method> <!-- SearchingCardiologiests -->
        <test-method signature="gettingCardiologiests()[pri:0, instance:testCase.TC_001_SearchingCardiologiests@350aac89]" started-at="2024-02-16T16:11:53 IST" name="gettingCardiologiests" finished-at="2024-02-16T16:12:12 IST" depends-on-methods="testCase.TC_001_SearchingCardiologiests.SearchingCardiologiests" duration-ms="19399" status="PASS">
          <reporter-output>
          </reporter-output>
        </test-method> <!-- gettingCardiologiests -->
        <test-method is-config="true" signature="teardown()[pri:0, instance:testCase.TC_001_SearchingCardiologiests@350aac89]" started-at="2024-02-16T16:12:13 IST" name="teardown" finished-at="2024-02-16T16:12:14 IST" duration-ms="1300" status="PASS">
          <reporter-output>
          </reporter-output>
        </test-method> <!-- teardown -->
      </class> <!-- testCase.TC_001_SearchingCardiologiests -->
      <class name="testCase.TC_004_CorporateHealthAndWellness_ValidDetails">
        <test-method is-config="true" signature="setup(java.lang.String,java.lang.String)[pri:0, instance:testCase.TC_004_CorporateHealthAndWellness_ValidDetails@28261e8e]" started-at="2024-02-16T16:13:13 IST" name="setup" finished-at="2024-02-16T16:13:37 IST" duration-ms="23587" status="PASS">
          <params>
            <param index="0">
              <value>
                <![CDATA[Windows]]>
              </value>
            </param>
            <param index="1">
              <value>
                <![CDATA[edge]]>
              </value>
            </param>
          </params>
          <reporter-output>
          </reporter-output>
        </test-method> <!-- setup -->
        <test-method signature="checkingValidDetails()[pri:11, instance:testCase.TC_004_CorporateHealthAndWellness_ValidDetails@28261e8e]" started-at="2024-02-16T16:13:37 IST" name="checkingValidDetails" finished-at="2024-02-16T16:14:18 IST" duration-ms="41140" status="PASS">
          <reporter-output>
          </reporter-output>
        </test-method> <!-- checkingValidDetails -->
        <test-method is-config="true" signature="teardown()[pri:0, instance:testCase.TC_004_CorporateHealthAndWellness_ValidDetails@28261e8e]" started-at="2024-02-16T16:14:18 IST" name="teardown" finished-at="2024-02-16T16:14:19 IST" duration-ms="1190" status="PASS">
          <reporter-output>
          </reporter-output>
        </test-method> <!-- teardown -->
      </class> <!-- testCase.TC_004_CorporateHealthAndWellness_ValidDetails -->
      <class name="testCase.TC_002_CaptureSurgeries">
        <test-method is-config="true" signature="setup(java.lang.String,java.lang.String)[pri:0, instance:testCase.TC_002_CaptureSurgeries@4b29d1d2]" started-at="2024-02-16T16:12:14 IST" name="setup" finished-at="2024-02-16T16:12:23 IST" duration-ms="9120" status="PASS">
          <params>
            <param index="0">
              <value>
                <![CDATA[Windows]]>
              </value>
            </param>
            <param index="1">
              <value>
                <![CDATA[edge]]>
              </value>
            </param>
          </params>
          <reporter-output>
          </reporter-output>
        </test-method> <!-- setup -->
        <test-method signature="CapturePopularSurgeries()[pri:3, instance:testCase.TC_002_CaptureSurgeries@4b29d1d2]" started-at="2024-02-16T16:12:23 IST" name="CapturePopularSurgeries" finished-at="2024-02-16T16:12:28 IST" duration-ms="5331" status="PASS">
          <reporter-output>
          </reporter-output>
        </test-method> <!-- CapturePopularSurgeries -->
        <test-method signature="GeneralSurgeries()[pri:4, instance:testCase.TC_002_CaptureSurgeries@4b29d1d2]" started-at="2024-02-16T16:12:29 IST" name="GeneralSurgeries" finished-at="2024-02-16T16:12:32 IST" duration-ms="3464" status="PASS">
          <reporter-output>
          </reporter-output>
        </test-method> <!-- GeneralSurgeries -->
        <test-method signature="ProctologySurgeries()[pri:5, instance:testCase.TC_002_CaptureSurgeries@4b29d1d2]" started-at="2024-02-16T16:12:33 IST" name="ProctologySurgeries" finished-at="2024-02-16T16:12:35 IST" duration-ms="2746" status="PASS">
          <reporter-output>
          </reporter-output>
        </test-method> <!-- ProctologySurgeries -->
        <test-method signature="OphthamologySurgeries()[pri:6, instance:testCase.TC_002_CaptureSurgeries@4b29d1d2]" started-at="2024-02-16T16:12:36 IST" name="OphthamologySurgeries" finished-at="2024-02-16T16:12:38 IST" duration-ms="2297" status="PASS">
          <reporter-output>
          </reporter-output>
        </test-method> <!-- OphthamologySurgeries -->
        <test-method signature="UrologySurgeries()[pri:7, instance:testCase.TC_002_CaptureSurgeries@4b29d1d2]" started-at="2024-02-16T16:12:39 IST" name="UrologySurgeries" finished-at="2024-02-16T16:12:42 IST" duration-ms="3280" status="PASS">
          <reporter-output>
          </reporter-output>
        </test-method> <!-- UrologySurgeries -->
        <test-method signature="CosmeticSurgeries()[pri:8, instance:testCase.TC_002_CaptureSurgeries@4b29d1d2]" started-at="2024-02-16T16:12:42 IST" name="CosmeticSurgeries" finished-at="2024-02-16T16:12:45 IST" duration-ms="2431" status="PASS">
          <reporter-output>
          </reporter-output>
        </test-method> <!-- CosmeticSurgeries -->
        <test-method signature="OrthopedicsSurgeries()[pri:9, instance:testCase.TC_002_CaptureSurgeries@4b29d1d2]" started-at="2024-02-16T16:12:45 IST" name="OrthopedicsSurgeries" finished-at="2024-02-16T16:12:48 IST" duration-ms="2418" status="PASS">
          <reporter-output>
          </reporter-output>
        </test-method> <!-- OrthopedicsSurgeries -->
        <test-method is-config="true" signature="teardown()[pri:0, instance:testCase.TC_002_CaptureSurgeries@4b29d1d2]" started-at="2024-02-16T16:12:48 IST" name="teardown" finished-at="2024-02-16T16:12:49 IST" duration-ms="1221" status="PASS">
          <reporter-output>
          </reporter-output>
        </test-method> <!-- teardown -->
      </class> <!-- testCase.TC_002_CaptureSurgeries -->
      <class name="testCase.TC_003_CorporateHealthAndWellness_InvalidDetails">
        <test-method is-config="true" signature="setup(java.lang.String,java.lang.String)[pri:0, instance:testCase.TC_003_CorporateHealthAndWellness_InvalidDetails@7f485fda]" started-at="2024-02-16T16:12:49 IST" name="setup" finished-at="2024-02-16T16:13:01 IST" duration-ms="12188" status="PASS">
          <params>
            <param index="0">
              <value>
                <![CDATA[Windows]]>
              </value>
            </param>
            <param index="1">
              <value>
                <![CDATA[edge]]>
              </value>
            </param>
          </params>
          <reporter-output>
          </reporter-output>
        </test-method> <!-- setup -->
        <test-method signature="checkingInvalidDetails()[pri:10, instance:testCase.TC_003_CorporateHealthAndWellness_InvalidDetails@7f485fda]" started-at="2024-02-16T16:13:01 IST" name="checkingInvalidDetails" finished-at="2024-02-16T16:13:12 IST" duration-ms="10374" status="PASS">
          <reporter-output>
          </reporter-output>
        </test-method> <!-- checkingInvalidDetails -->
        <test-method is-config="true" signature="teardown()[pri:0, instance:testCase.TC_003_CorporateHealthAndWellness_InvalidDetails@7f485fda]" started-at="2024-02-16T16:13:12 IST" name="teardown" finished-at="2024-02-16T16:13:13 IST" duration-ms="1108" status="PASS">
          <reporter-output>
          </reporter-output>
        </test-method> <!-- teardown -->
      </class> <!-- testCase.TC_003_CorporateHealthAndWellness_InvalidDetails -->
    </test> <!-- Test -->
  </suite> <!-- Suite -->
</testng-results>
